<?xml version="1.0" encoding="UTF-8"?>
<testng-results skipped="1" failed="0" total="2" passed="1">
  <reporter-output>
  </reporter-output>
  <suite name="Improved Suite" duration-ms="132565" started-at="2016-04-25T10:09:29Z" finished-at="2016-04-25T10:11:42Z">
    <groups>
    </groups>
    <test name="androidReal" duration-ms="37038" started-at="2016-04-25T10:09:29Z" finished-at="2016-04-25T10:10:06Z">
      <class name="DashboardTest.LoginTest">
        <test-method status="FAIL" signature="beforeMethod(java.lang.String)[pri:0, instance:DashboardTest.LoginTest@1a407d53]" test-instance-name="" name="beforeMethod" is-config="true" duration-ms="0" started-at="2016-04-25T17:09:29Z" finished-at="2016-04-25T17:09:29Z">
          <params>
            <param index="0">
              <value>
                <![CDATA[androidReal]]>
              </value>
            </param>
          </params>
          <exception class="org.openqa.selenium.SessionNotCreatedException">
            <message>
              <![CDATA[A new session could not be created. (Original error: An unknown server-side error occurred while processing the command. (Original error: unknown error: com.android.chrome is not installed on device 192.168.56.102:5555
  (Driver info: chromedriver=2.21.371459 (36d3d07f660ff2bc1bf28a75d1cdabed0983e7c4),platform=Windows NT 6.1 SP1 x86_64))) (WARNING: The server did not provide any stacktrace information)
Command duration or timeout: 36.61 seconds
Build info: version: '2.52.0', revision: '4c2593cfc3689a7fcd7be52549167e5ccc93ad28', time: '2016-02-11 11:22:43'
System info: host: 'lgvn13460', ip: '192.168.56.1', os.name: 'Windows 7', os.arch: 'amd64', os.version: '6.1', java.version: '1.8.0_77'
Driver info: io.appium.java_client.android.AndroidDriver]]>
            </message>
            <full-stacktrace>
              <![CDATA[org.openqa.selenium.SessionNotCreatedException: A new session could not be created. (Original error: An unknown server-side error occurred while processing the command. (Original error: unknown error: com.android.chrome is not installed on device 192.168.56.102:5555
  (Driver info: chromedriver=2.21.371459 (36d3d07f660ff2bc1bf28a75d1cdabed0983e7c4),platform=Windows NT 6.1 SP1 x86_64))) (WARNING: The server did not provide any stacktrace information)
Command duration or timeout: 36.61 seconds
Build info: version: '2.52.0', revision: '4c2593cfc3689a7fcd7be52549167e5ccc93ad28', time: '2016-02-11 11:22:43'
System info: host: 'lgvn13460', ip: '192.168.56.1', os.name: 'Windows 7', os.arch: 'amd64', os.version: '6.1', java.version: '1.8.0_77'
Driver info: io.appium.java_client.android.AndroidDriver
	at sun.reflect.NativeConstructorAccessorImpl.newInstance0(Native Method)
	at sun.reflect.NativeConstructorAccessorImpl.newInstance(Unknown Source)
	at sun.reflect.DelegatingConstructorAccessorImpl.newInstance(Unknown Source)
	at java.lang.reflect.Constructor.newInstance(Unknown Source)
	at org.openqa.selenium.remote.ErrorHandler.createThrowable(ErrorHandler.java:206)
	at org.openqa.selenium.remote.ErrorHandler.throwIfResponseFailed(ErrorHandler.java:158)
	at org.openqa.selenium.remote.RemoteWebDriver.execute(RemoteWebDriver.java:678)
	at io.appium.java_client.AppiumDriver.execute(AppiumDriver.java:180)
	at org.openqa.selenium.remote.RemoteWebDriver.startSession(RemoteWebDriver.java:249)
	at org.openqa.selenium.remote.RemoteWebDriver.<init>(RemoteWebDriver.java:131)
	at org.openqa.selenium.remote.RemoteWebDriver.<init>(RemoteWebDriver.java:158)
	at io.appium.java_client.AppiumDriver.<init>(AppiumDriver.java:109)
	at io.appium.java_client.android.AndroidDriver.<init>(AndroidDriver.java:39)
	at com.loginium.driver.mobile.MobileAndroidDriver.<init>(MobileAndroidDriver.java:22)
	at com.loginium.driver.factory.MobileDriverFactory.initWebDriver(MobileDriverFactory.java:20)
	at com.loginium.driver.factory.DriverFactory.createWebDriver(DriverFactory.java:18)
	at com.loginium.driver.DriverManager.createWebDriver(DriverManager.java:42)
	at DashboardTest.TestBase.beforeMethod(TestBase.java:30)
	at sun.reflect.NativeMethodAccessorImpl.invoke0(Native Method)
	at sun.reflect.NativeMethodAccessorImpl.invoke(Unknown Source)
	at sun.reflect.DelegatingMethodAccessorImpl.invoke(Unknown Source)
	at java.lang.reflect.Method.invoke(Unknown Source)
	at org.testng.internal.MethodInvocationHelper.invokeMethod(MethodInvocationHelper.java:86)
	at org.testng.internal.Invoker.invokeConfigurationMethod(Invoker.java:514)
	at org.testng.internal.Invoker.invokeConfigurations(Invoker.java:215)
	at org.testng.internal.Invoker.invokeMethod(Invoker.java:589)
	at org.testng.internal.Invoker.invokeTestMethod(Invoker.java:820)
	at org.testng.internal.Invoker.invokeTestMethods(Invoker.java:1128)
	at org.testng.internal.TestMethodWorker.invokeTestMethods(TestMethodWorker.java:129)
	at org.testng.internal.TestMethodWorker.run(TestMethodWorker.java:112)
	at org.testng.TestRunner.privateRun(TestRunner.java:782)
	at org.testng.TestRunner.run(TestRunner.java:632)
	at org.testng.SuiteRunner.runTest(SuiteRunner.java:366)
	at org.testng.SuiteRunner.runSequentially(SuiteRunner.java:361)
	at org.testng.SuiteRunner.privateRun(SuiteRunner.java:319)
	at org.testng.SuiteRunner.run(SuiteRunner.java:268)
	at org.testng.SuiteRunnerWorker.runSuite(SuiteRunnerWorker.java:52)
	at org.testng.SuiteRunnerWorker.run(SuiteRunnerWorker.java:86)
	at org.testng.TestNG.runSuitesSequentially(TestNG.java:1244)
	at org.testng.TestNG.runSuitesLocally(TestNG.java:1169)
	at org.testng.TestNG.run(TestNG.java:1064)
	at org.testng.remote.RemoteTestNG.run(RemoteTestNG.java:113)
	at org.testng.remote.RemoteTestNG.initAndRun(RemoteTestNG.java:206)
	at org.testng.remote.RemoteTestNG.main(RemoteTestNG.java:177)
]]>
            </full-stacktrace>
          </exception> <!-- org.openqa.selenium.SessionNotCreatedException -->
          <reporter-output>
          </reporter-output>
        </test-method> <!-- beforeMethod -->
        <test-method status="SKIP" signature="afterMethod(org.testng.ITestResult)[pri:0, instance:DashboardTest.LoginTest@1a407d53]" test-instance-name="" name="afterMethod" is-config="true" duration-ms="0" started-at="2016-04-25T17:10:06Z" finished-at="2016-04-25T17:10:06Z">
          <reporter-output>
          </reporter-output>
        </test-method> <!-- afterMethod -->
        <test-method status="SKIP" signature="Login1()[pri:0, instance:DashboardTest.LoginTest@1a407d53]" test-instance-name="" name="Login1" duration-ms="0" started-at="2016-04-25T17:10:06Z" finished-at="2016-04-25T17:10:06Z">
          <reporter-output>
          </reporter-output>
        </test-method> <!-- Login1 -->
      </class> <!-- DashboardTest.LoginTest -->
    </test> <!-- androidReal -->
    <test name="androidEmulator" duration-ms="95516" started-at="2016-04-25T10:10:06Z" finished-at="2016-04-25T10:11:42Z">
      <class name="DashboardTest.LoginTest">
        <test-method status="PASS" signature="beforeSuite()[pri:0, instance:DashboardTest.LoginTest@351d00c0]" test-instance-name="" name="beforeSuite" is-config="true" duration-ms="741" started-at="2016-04-25T17:09:28Z" finished-at="2016-04-25T17:09:29Z">
          <reporter-output>
          </reporter-output>
        </test-method> <!-- beforeSuite -->
        <test-method status="PASS" signature="beforeMethod(java.lang.String)[pri:0, instance:DashboardTest.LoginTest@351d00c0]" test-instance-name="" name="beforeMethod" is-config="true" duration-ms="46431" started-at="2016-04-25T17:10:06Z" finished-at="2016-04-25T17:10:53Z">
          <params>
            <param index="0">
              <value>
                <![CDATA[androidEmulator]]>
              </value>
            </param>
          </params>
          <reporter-output>
          </reporter-output>
        </test-method> <!-- beforeMethod -->
        <test-method status="PASS" signature="Login1()[pri:0, instance:DashboardTest.LoginTest@351d00c0]" test-instance-name="" name="Login1" duration-ms="42195" started-at="2016-04-25T17:10:53Z" finished-at="2016-04-25T17:11:35Z">
          <reporter-output>
          </reporter-output>
        </test-method> <!-- Login1 -->
        <test-method status="PASS" signature="afterMethod(org.testng.ITestResult)[pri:0, instance:DashboardTest.LoginTest@351d00c0]" test-instance-name="" name="afterMethod" is-config="true" duration-ms="6890" started-at="2016-04-25T17:11:35Z" finished-at="2016-04-25T17:11:42Z">
          <params>
            <param index="0">
              <value>
                <![CDATA[[TestResult name="" status=SUCCESS method=LoginTest.Login1()[pri:0, instance:DashboardTest.LoginTest@351d00c0] output={null}]]]>
              </value>
            </param>
          </params>
          <reporter-output>
          </reporter-output>
        </test-method> <!-- afterMethod -->
      </class> <!-- DashboardTest.LoginTest -->
    </test> <!-- androidEmulator -->
  </suite> <!-- Improved Suite -->
</testng-results>
