<?xml version="1.0" encoding="UTF-8"?>
<!-- Generated by org.testng.reporters.JUnitXMLReporter -->
<testsuite hostname="lgvn13460" name="Chrome" tests="10" failures="0" timestamp="25 Apr 2016 06:03:16 GMT" time="27.092" errors="0">
  <testcase name="" time="2.373" classname="DashboardTest.LoginTest"/>
  <testcase name="" time="3.389" classname="DashboardTest.LoginTest"/>
  <testcase name="" time="3.513" classname="DashboardTest.LoginTest"/>
  <testcase name="" time="3.083" classname="DashboardTest.LoginTest"/>
  <testcase name="" time="3.963" classname="DashboardTest.LoginTest"/>
  <testcase name="" time="3.194" classname="DashboardTest.LoginTest"/>
  <testcase name="" time="4.334" classname="DashboardTest.LoginTest"/>
  <testcase name="" time="4.806" classname="DashboardTest.LoginTest"/>
  <testcase name="" time="4.726" classname="DashboardTest.LoginTest"/>
  <testcase name="" time="5.729" classname="DashboardTest.LoginTest"/>
</testsuite> <!-- Chrome -->
