<?xml version="1.0" encoding="UTF-8"?>
<!-- Generated by org.testng.reporters.JUnitXMLReporter -->
<testsuite hostname="lgvn13460" name="Internet Explorer" tests="10" failures="0" timestamp="25 Apr 2016 06:02:49 GMT" time="0.804" errors="0">
  <testcase name="@BeforeMethod beforeMethod" time="0.0" classname="DashboardTest.LoginTest">
    <failure type="org.openqa.selenium.WebDriverException" message="Error forwarding the new session cannot find : Capabilities [{ensureCleanSession=true, browserName=internet explorer, version=11, platform=MAC}]
Command duration or timeout: 10 milliseconds
Build info: version: &amp;apos;2.52.0&amp;apos;, revision: &amp;apos;4c2593cfc3689a7fcd7be52549167e5ccc93ad28&amp;apos;, time: &amp;apos;2016-02-11 11:22:43&amp;apos;
System info: host: &amp;apos;lgvn13460&amp;apos;, ip: &amp;apos;192.168.56.1&amp;apos;, os.name: &amp;apos;Windows 7&amp;apos;, os.arch: &amp;apos;amd64&amp;apos;, os.version: &amp;apos;6.1&amp;apos;, java.version: &amp;apos;1.8.0_77&amp;apos;
Driver info: org.openqa.selenium.remote.RemoteWebDriver">
      <![CDATA[org.openqa.selenium.WebDriverException: Error forwarding the new session cannot find : Capabilities [{ensureCleanSession=true, browserName=internet explorer, version=11, platform=MAC}]
Command duration or timeout: 10 milliseconds
Build info: version: '2.52.0', revision: '4c2593cfc3689a7fcd7be52549167e5ccc93ad28', time: '2016-02-11 11:22:43'
System info: host: 'lgvn13460', ip: '192.168.56.1', os.name: 'Windows 7', os.arch: 'amd64', os.version: '6.1', java.version: '1.8.0_77'
Driver info: org.openqa.selenium.remote.RemoteWebDriver
	at org.openqa.selenium.remote.ErrorHandler.createThrowable(ErrorHandler.java:206)
	at org.openqa.selenium.remote.ErrorHandler.throwIfResponseFailed(ErrorHandler.java:158)
	at org.openqa.selenium.remote.RemoteWebDriver.execute(RemoteWebDriver.java:678)
	at org.openqa.selenium.remote.RemoteWebDriver.startSession(RemoteWebDriver.java:249)
	at org.openqa.selenium.remote.RemoteWebDriver.<init>(RemoteWebDriver.java:131)
	at org.openqa.selenium.remote.RemoteWebDriver.<init>(RemoteWebDriver.java:158)
	at com.loginium.driver.desktop.DesktopInternetExplorerDriver.<init>(DesktopInternetExplorerDriver.java:29)
	at com.loginium.driver.factory.DesktopDriverFactory.initWebDriver(DesktopDriverFactory.java:23)
	at com.loginium.driver.factory.DriverFactory.createWebDriver(DriverFactory.java:18)
	at com.loginium.driver.DriverManager.createWebDriver(DriverManager.java:42)
	at DashboardTest.TestBase.beforeMethod(TestBase.java:30)
	at java.util.concurrent.ThreadPoolExecutor.runWorker(Unknown Source)
	at java.util.concurrent.ThreadPoolExecutor$Worker.run(Unknown Source)
	at java.lang.Thread.run(Unknown Source)
Caused by: org.openqa.selenium.WebDriverException: Error forwarding the new session cannot find : Capabilities [{ensureCleanSession=true, browserName=internet explorer, version=11, platform=MAC}]
Build info: version: '2.52.0', revision: '4c2593cfc3689a7fcd7be52549167e5ccc93ad28', time: '2016-02-11 11:22:43'
System info: host: 'lgvn13460', ip: '192.168.56.1', os.name: 'Windows 7', os.arch: 'amd64', os.version: '6.1', java.version: '1.8.0_77'
Driver info: driver.version: unknown
	at org.openqa.grid.web.servlet.handler.RequestHandler.process(RequestHandler.java:115)
	at org.openqa.grid.web.servlet.DriverServlet.process(DriverServlet.java:83)
	at org.openqa.grid.web.servlet.DriverServlet.doPost(DriverServlet.java:67)
	at javax.servlet.http.HttpServlet.service(HttpServlet.java:707)
	at javax.servlet.http.HttpServlet.service(HttpServlet.java:790)
	at org.seleniumhq.jetty9.servlet.ServletHolder.handle(ServletHolder.java:808)
	at org.seleniumhq.jetty9.servlet.ServletHandler.doHandle(ServletHandler.java:587)
	at org.seleniumhq.jetty9.server.session.SessionHandler.doHandle(SessionHandler.java:221)
	at org.seleniumhq.jetty9.server.handler.ContextHandler.doHandle(ContextHandler.java:1127)
	at org.seleniumhq.jetty9.servlet.ServletHandler.doScope(ServletHandler.java:515)
	at org.seleniumhq.jetty9.server.session.SessionHandler.doScope(SessionHandler.java:185)
	at org.seleniumhq.jetty9.server.handler.ContextHandler.doScope(ContextHandler.java:1061)
	at org.seleniumhq.jetty9.server.handler.ScopedHandler.handle(ScopedHandler.java:141)
	at org.seleniumhq.jetty9.server.handler.HandlerWrapper.handle(HandlerWrapper.java:97)
	at org.seleniumhq.jetty9.server.Server.handle(Server.java:499)
	at org.seleniumhq.jetty9.server.HttpChannel.handle(HttpChannel.java:310)
	at org.seleniumhq.jetty9.server.HttpConnection.onFillable(HttpConnection.java:257)
	at org.seleniumhq.jetty9.io.AbstractConnection$2.run(AbstractConnection.java:540)
	at org.seleniumhq.jetty9.util.thread.QueuedThreadPool.runJob(QueuedThreadPool.java:635)
	at org.seleniumhq.jetty9.util.thread.QueuedThreadPool$3.run(QueuedThreadPool.java:555)
	... 1 more
... Removed 16 stack frames]]>
    </failure>
  </testcase> <!-- @BeforeMethod beforeMethod -->
  <testcase name="@AfterMethod afterMethod" time="0.0" classname="DashboardTest.LoginTest">
    <skipped/>
  </testcase> <!-- @AfterMethod afterMethod -->
  <testcase name="@BeforeMethod beforeMethod" time="0.0" classname="DashboardTest.LoginTest">
    <failure type="org.openqa.selenium.WebDriverException" message="Error forwarding the new session cannot find : Capabilities [{ensureCleanSession=true, browserName=internet explorer, version=11, platform=MAC}]
Command duration or timeout: 11 milliseconds
Build info: version: &amp;apos;2.52.0&amp;apos;, revision: &amp;apos;4c2593cfc3689a7fcd7be52549167e5ccc93ad28&amp;apos;, time: &amp;apos;2016-02-11 11:22:43&amp;apos;
System info: host: &amp;apos;lgvn13460&amp;apos;, ip: &amp;apos;192.168.56.1&amp;apos;, os.name: &amp;apos;Windows 7&amp;apos;, os.arch: &amp;apos;amd64&amp;apos;, os.version: &amp;apos;6.1&amp;apos;, java.version: &amp;apos;1.8.0_77&amp;apos;
Driver info: org.openqa.selenium.remote.RemoteWebDriver">
      <![CDATA[org.openqa.selenium.WebDriverException: Error forwarding the new session cannot find : Capabilities [{ensureCleanSession=true, browserName=internet explorer, version=11, platform=MAC}]
Command duration or timeout: 11 milliseconds
Build info: version: '2.52.0', revision: '4c2593cfc3689a7fcd7be52549167e5ccc93ad28', time: '2016-02-11 11:22:43'
System info: host: 'lgvn13460', ip: '192.168.56.1', os.name: 'Windows 7', os.arch: 'amd64', os.version: '6.1', java.version: '1.8.0_77'
Driver info: org.openqa.selenium.remote.RemoteWebDriver
	at org.openqa.selenium.remote.ErrorHandler.createThrowable(ErrorHandler.java:206)
	at org.openqa.selenium.remote.ErrorHandler.throwIfResponseFailed(ErrorHandler.java:158)
	at org.openqa.selenium.remote.RemoteWebDriver.execute(RemoteWebDriver.java:678)
	at org.openqa.selenium.remote.RemoteWebDriver.startSession(RemoteWebDriver.java:249)
	at org.openqa.selenium.remote.RemoteWebDriver.<init>(RemoteWebDriver.java:131)
	at org.openqa.selenium.remote.RemoteWebDriver.<init>(RemoteWebDriver.java:158)
	at com.loginium.driver.desktop.DesktopInternetExplorerDriver.<init>(DesktopInternetExplorerDriver.java:29)
	at com.loginium.driver.factory.DesktopDriverFactory.initWebDriver(DesktopDriverFactory.java:23)
	at com.loginium.driver.factory.DriverFactory.createWebDriver(DriverFactory.java:18)
	at com.loginium.driver.DriverManager.createWebDriver(DriverManager.java:42)
	at DashboardTest.TestBase.beforeMethod(TestBase.java:30)
	at java.util.concurrent.ThreadPoolExecutor.runWorker(Unknown Source)
	at java.util.concurrent.ThreadPoolExecutor$Worker.run(Unknown Source)
	at java.lang.Thread.run(Unknown Source)
Caused by: org.openqa.selenium.WebDriverException: Error forwarding the new session cannot find : Capabilities [{ensureCleanSession=true, browserName=internet explorer, version=11, platform=MAC}]
Build info: version: '2.52.0', revision: '4c2593cfc3689a7fcd7be52549167e5ccc93ad28', time: '2016-02-11 11:22:43'
System info: host: 'lgvn13460', ip: '192.168.56.1', os.name: 'Windows 7', os.arch: 'amd64', os.version: '6.1', java.version: '1.8.0_77'
Driver info: driver.version: unknown
	at org.openqa.grid.web.servlet.handler.RequestHandler.process(RequestHandler.java:115)
	at org.openqa.grid.web.servlet.DriverServlet.process(DriverServlet.java:83)
	at org.openqa.grid.web.servlet.DriverServlet.doPost(DriverServlet.java:67)
	at javax.servlet.http.HttpServlet.service(HttpServlet.java:707)
	at javax.servlet.http.HttpServlet.service(HttpServlet.java:790)
	at org.seleniumhq.jetty9.servlet.ServletHolder.handle(ServletHolder.java:808)
	at org.seleniumhq.jetty9.servlet.ServletHandler.doHandle(ServletHandler.java:587)
	at org.seleniumhq.jetty9.server.session.SessionHandler.doHandle(SessionHandler.java:221)
	at org.seleniumhq.jetty9.server.handler.ContextHandler.doHandle(ContextHandler.java:1127)
	at org.seleniumhq.jetty9.servlet.ServletHandler.doScope(ServletHandler.java:515)
	at org.seleniumhq.jetty9.server.session.SessionHandler.doScope(SessionHandler.java:185)
	at org.seleniumhq.jetty9.server.handler.ContextHandler.doScope(ContextHandler.java:1061)
	at org.seleniumhq.jetty9.server.handler.ScopedHandler.handle(ScopedHandler.java:141)
	at org.seleniumhq.jetty9.server.handler.HandlerWrapper.handle(HandlerWrapper.java:97)
	at org.seleniumhq.jetty9.server.Server.handle(Server.java:499)
	at org.seleniumhq.jetty9.server.HttpChannel.handle(HttpChannel.java:310)
	at org.seleniumhq.jetty9.server.HttpConnection.onFillable(HttpConnection.java:257)
	at org.seleniumhq.jetty9.io.AbstractConnection$2.run(AbstractConnection.java:540)
	at org.seleniumhq.jetty9.util.thread.QueuedThreadPool.runJob(QueuedThreadPool.java:635)
	at org.seleniumhq.jetty9.util.thread.QueuedThreadPool$3.run(QueuedThreadPool.java:555)
	... 1 more
... Removed 16 stack frames]]>
    </failure>
  </testcase> <!-- @BeforeMethod beforeMethod -->
  <testcase name="@AfterMethod afterMethod" time="0.0" classname="DashboardTest.LoginTest">
    <skipped/>
  </testcase> <!-- @AfterMethod afterMethod -->
  <testcase name="@BeforeMethod beforeMethod" time="0.0" classname="DashboardTest.LoginTest">
    <failure type="org.openqa.selenium.WebDriverException" message="Error forwarding the new session cannot find : Capabilities [{ensureCleanSession=true, browserName=internet explorer, version=11, platform=MAC}]
Command duration or timeout: 10 milliseconds
Build info: version: &amp;apos;2.52.0&amp;apos;, revision: &amp;apos;4c2593cfc3689a7fcd7be52549167e5ccc93ad28&amp;apos;, time: &amp;apos;2016-02-11 11:22:43&amp;apos;
System info: host: &amp;apos;lgvn13460&amp;apos;, ip: &amp;apos;192.168.56.1&amp;apos;, os.name: &amp;apos;Windows 7&amp;apos;, os.arch: &amp;apos;amd64&amp;apos;, os.version: &amp;apos;6.1&amp;apos;, java.version: &amp;apos;1.8.0_77&amp;apos;
Driver info: org.openqa.selenium.remote.RemoteWebDriver">
      <![CDATA[org.openqa.selenium.WebDriverException: Error forwarding the new session cannot find : Capabilities [{ensureCleanSession=true, browserName=internet explorer, version=11, platform=MAC}]
Command duration or timeout: 10 milliseconds
Build info: version: '2.52.0', revision: '4c2593cfc3689a7fcd7be52549167e5ccc93ad28', time: '2016-02-11 11:22:43'
System info: host: 'lgvn13460', ip: '192.168.56.1', os.name: 'Windows 7', os.arch: 'amd64', os.version: '6.1', java.version: '1.8.0_77'
Driver info: org.openqa.selenium.remote.RemoteWebDriver
	at org.openqa.selenium.remote.ErrorHandler.createThrowable(ErrorHandler.java:206)
	at org.openqa.selenium.remote.ErrorHandler.throwIfResponseFailed(ErrorHandler.java:158)
	at org.openqa.selenium.remote.RemoteWebDriver.execute(RemoteWebDriver.java:678)
	at org.openqa.selenium.remote.RemoteWebDriver.startSession(RemoteWebDriver.java:249)
	at org.openqa.selenium.remote.RemoteWebDriver.<init>(RemoteWebDriver.java:131)
	at org.openqa.selenium.remote.RemoteWebDriver.<init>(RemoteWebDriver.java:158)
	at com.loginium.driver.desktop.DesktopInternetExplorerDriver.<init>(DesktopInternetExplorerDriver.java:29)
	at com.loginium.driver.factory.DesktopDriverFactory.initWebDriver(DesktopDriverFactory.java:23)
	at com.loginium.driver.factory.DriverFactory.createWebDriver(DriverFactory.java:18)
	at com.loginium.driver.DriverManager.createWebDriver(DriverManager.java:42)
	at DashboardTest.TestBase.beforeMethod(TestBase.java:30)
	at java.util.concurrent.ThreadPoolExecutor.runWorker(Unknown Source)
	at java.util.concurrent.ThreadPoolExecutor$Worker.run(Unknown Source)
	at java.lang.Thread.run(Unknown Source)
Caused by: org.openqa.selenium.WebDriverException: Error forwarding the new session cannot find : Capabilities [{ensureCleanSession=true, browserName=internet explorer, version=11, platform=MAC}]
Build info: version: '2.52.0', revision: '4c2593cfc3689a7fcd7be52549167e5ccc93ad28', time: '2016-02-11 11:22:43'
System info: host: 'lgvn13460', ip: '192.168.56.1', os.name: 'Windows 7', os.arch: 'amd64', os.version: '6.1', java.version: '1.8.0_77'
Driver info: driver.version: unknown
	at org.openqa.grid.web.servlet.handler.RequestHandler.process(RequestHandler.java:115)
	at org.openqa.grid.web.servlet.DriverServlet.process(DriverServlet.java:83)
	at org.openqa.grid.web.servlet.DriverServlet.doPost(DriverServlet.java:67)
	at javax.servlet.http.HttpServlet.service(HttpServlet.java:707)
	at javax.servlet.http.HttpServlet.service(HttpServlet.java:790)
	at org.seleniumhq.jetty9.servlet.ServletHolder.handle(ServletHolder.java:808)
	at org.seleniumhq.jetty9.servlet.ServletHandler.doHandle(ServletHandler.java:587)
	at org.seleniumhq.jetty9.server.session.SessionHandler.doHandle(SessionHandler.java:221)
	at org.seleniumhq.jetty9.server.handler.ContextHandler.doHandle(ContextHandler.java:1127)
	at org.seleniumhq.jetty9.servlet.ServletHandler.doScope(ServletHandler.java:515)
	at org.seleniumhq.jetty9.server.session.SessionHandler.doScope(SessionHandler.java:185)
	at org.seleniumhq.jetty9.server.handler.ContextHandler.doScope(ContextHandler.java:1061)
	at org.seleniumhq.jetty9.server.handler.ScopedHandler.handle(ScopedHandler.java:141)
	at org.seleniumhq.jetty9.server.handler.HandlerWrapper.handle(HandlerWrapper.java:97)
	at org.seleniumhq.jetty9.server.Server.handle(Server.java:499)
	at org.seleniumhq.jetty9.server.HttpChannel.handle(HttpChannel.java:310)
	at org.seleniumhq.jetty9.server.HttpConnection.onFillable(HttpConnection.java:257)
	at org.seleniumhq.jetty9.io.AbstractConnection$2.run(AbstractConnection.java:540)
	at org.seleniumhq.jetty9.util.thread.QueuedThreadPool.runJob(QueuedThreadPool.java:635)
	at org.seleniumhq.jetty9.util.thread.QueuedThreadPool$3.run(QueuedThreadPool.java:555)
	... 1 more
... Removed 16 stack frames]]>
    </failure>
  </testcase> <!-- @BeforeMethod beforeMethod -->
  <testcase name="@BeforeMethod beforeMethod" time="0.0" classname="DashboardTest.LoginTest">
    <failure type="org.openqa.selenium.WebDriverException" message="Error forwarding the new session cannot find : Capabilities [{ensureCleanSession=true, browserName=internet explorer, version=11, platform=MAC}]
Command duration or timeout: 10 milliseconds
Build info: version: &amp;apos;2.52.0&amp;apos;, revision: &amp;apos;4c2593cfc3689a7fcd7be52549167e5ccc93ad28&amp;apos;, time: &amp;apos;2016-02-11 11:22:43&amp;apos;
System info: host: &amp;apos;lgvn13460&amp;apos;, ip: &amp;apos;192.168.56.1&amp;apos;, os.name: &amp;apos;Windows 7&amp;apos;, os.arch: &amp;apos;amd64&amp;apos;, os.version: &amp;apos;6.1&amp;apos;, java.version: &amp;apos;1.8.0_77&amp;apos;
Driver info: org.openqa.selenium.remote.RemoteWebDriver">
      <![CDATA[org.openqa.selenium.WebDriverException: Error forwarding the new session cannot find : Capabilities [{ensureCleanSession=true, browserName=internet explorer, version=11, platform=MAC}]
Command duration or timeout: 10 milliseconds
Build info: version: '2.52.0', revision: '4c2593cfc3689a7fcd7be52549167e5ccc93ad28', time: '2016-02-11 11:22:43'
System info: host: 'lgvn13460', ip: '192.168.56.1', os.name: 'Windows 7', os.arch: 'amd64', os.version: '6.1', java.version: '1.8.0_77'
Driver info: org.openqa.selenium.remote.RemoteWebDriver
	at org.openqa.selenium.remote.ErrorHandler.createThrowable(ErrorHandler.java:206)
	at org.openqa.selenium.remote.ErrorHandler.throwIfResponseFailed(ErrorHandler.java:158)
	at org.openqa.selenium.remote.RemoteWebDriver.execute(RemoteWebDriver.java:678)
	at org.openqa.selenium.remote.RemoteWebDriver.startSession(RemoteWebDriver.java:249)
	at org.openqa.selenium.remote.RemoteWebDriver.<init>(RemoteWebDriver.java:131)
	at org.openqa.selenium.remote.RemoteWebDriver.<init>(RemoteWebDriver.java:158)
	at com.loginium.driver.desktop.DesktopInternetExplorerDriver.<init>(DesktopInternetExplorerDriver.java:29)
	at com.loginium.driver.factory.DesktopDriverFactory.initWebDriver(DesktopDriverFactory.java:23)
	at com.loginium.driver.factory.DriverFactory.createWebDriver(DriverFactory.java:18)
	at com.loginium.driver.DriverManager.createWebDriver(DriverManager.java:42)
	at DashboardTest.TestBase.beforeMethod(TestBase.java:30)
	at java.util.concurrent.ThreadPoolExecutor.runWorker(Unknown Source)
	at java.util.concurrent.ThreadPoolExecutor$Worker.run(Unknown Source)
	at java.lang.Thread.run(Unknown Source)
Caused by: org.openqa.selenium.WebDriverException: Error forwarding the new session cannot find : Capabilities [{ensureCleanSession=true, browserName=internet explorer, version=11, platform=MAC}]
Build info: version: '2.52.0', revision: '4c2593cfc3689a7fcd7be52549167e5ccc93ad28', time: '2016-02-11 11:22:43'
System info: host: 'lgvn13460', ip: '192.168.56.1', os.name: 'Windows 7', os.arch: 'amd64', os.version: '6.1', java.version: '1.8.0_77'
Driver info: driver.version: unknown
	at org.openqa.grid.web.servlet.handler.RequestHandler.process(RequestHandler.java:115)
	at org.openqa.grid.web.servlet.DriverServlet.process(DriverServlet.java:83)
	at org.openqa.grid.web.servlet.DriverServlet.doPost(DriverServlet.java:67)
	at javax.servlet.http.HttpServlet.service(HttpServlet.java:707)
	at javax.servlet.http.HttpServlet.service(HttpServlet.java:790)
	at org.seleniumhq.jetty9.servlet.ServletHolder.handle(ServletHolder.java:808)
	at org.seleniumhq.jetty9.servlet.ServletHandler.doHandle(ServletHandler.java:587)
	at org.seleniumhq.jetty9.server.session.SessionHandler.doHandle(SessionHandler.java:221)
	at org.seleniumhq.jetty9.server.handler.ContextHandler.doHandle(ContextHandler.java:1127)
	at org.seleniumhq.jetty9.servlet.ServletHandler.doScope(ServletHandler.java:515)
	at org.seleniumhq.jetty9.server.session.SessionHandler.doScope(SessionHandler.java:185)
	at org.seleniumhq.jetty9.server.handler.ContextHandler.doScope(ContextHandler.java:1061)
	at org.seleniumhq.jetty9.server.handler.ScopedHandler.handle(ScopedHandler.java:141)
	at org.seleniumhq.jetty9.server.handler.HandlerWrapper.handle(HandlerWrapper.java:97)
	at org.seleniumhq.jetty9.server.Server.handle(Server.java:499)
	at org.seleniumhq.jetty9.server.HttpChannel.handle(HttpChannel.java:310)
	at org.seleniumhq.jetty9.server.HttpConnection.onFillable(HttpConnection.java:257)
	at org.seleniumhq.jetty9.io.AbstractConnection$2.run(AbstractConnection.java:540)
	at org.seleniumhq.jetty9.util.thread.QueuedThreadPool.runJob(QueuedThreadPool.java:635)
	at org.seleniumhq.jetty9.util.thread.QueuedThreadPool$3.run(QueuedThreadPool.java:555)
	... 1 more
... Removed 16 stack frames]]>
    </failure>
  </testcase> <!-- @BeforeMethod beforeMethod -->
  <testcase name="@BeforeMethod beforeMethod" time="0.0" classname="DashboardTest.LoginTest">
    <failure type="org.openqa.selenium.WebDriverException" message="Error forwarding the new session cannot find : Capabilities [{ensureCleanSession=true, browserName=internet explorer, version=11, platform=MAC}]
Command duration or timeout: 10 milliseconds
Build info: version: &amp;apos;2.52.0&amp;apos;, revision: &amp;apos;4c2593cfc3689a7fcd7be52549167e5ccc93ad28&amp;apos;, time: &amp;apos;2016-02-11 11:22:43&amp;apos;
System info: host: &amp;apos;lgvn13460&amp;apos;, ip: &amp;apos;192.168.56.1&amp;apos;, os.name: &amp;apos;Windows 7&amp;apos;, os.arch: &amp;apos;amd64&amp;apos;, os.version: &amp;apos;6.1&amp;apos;, java.version: &amp;apos;1.8.0_77&amp;apos;
Driver info: org.openqa.selenium.remote.RemoteWebDriver">
      <![CDATA[org.openqa.selenium.WebDriverException: Error forwarding the new session cannot find : Capabilities [{ensureCleanSession=true, browserName=internet explorer, version=11, platform=MAC}]
Command duration or timeout: 10 milliseconds
Build info: version: '2.52.0', revision: '4c2593cfc3689a7fcd7be52549167e5ccc93ad28', time: '2016-02-11 11:22:43'
System info: host: 'lgvn13460', ip: '192.168.56.1', os.name: 'Windows 7', os.arch: 'amd64', os.version: '6.1', java.version: '1.8.0_77'
Driver info: org.openqa.selenium.remote.RemoteWebDriver
	at org.openqa.selenium.remote.ErrorHandler.createThrowable(ErrorHandler.java:206)
	at org.openqa.selenium.remote.ErrorHandler.throwIfResponseFailed(ErrorHandler.java:158)
	at org.openqa.selenium.remote.RemoteWebDriver.execute(RemoteWebDriver.java:678)
	at org.openqa.selenium.remote.RemoteWebDriver.startSession(RemoteWebDriver.java:249)
	at org.openqa.selenium.remote.RemoteWebDriver.<init>(RemoteWebDriver.java:131)
	at org.openqa.selenium.remote.RemoteWebDriver.<init>(RemoteWebDriver.java:158)
	at com.loginium.driver.desktop.DesktopInternetExplorerDriver.<init>(DesktopInternetExplorerDriver.java:29)
	at com.loginium.driver.factory.DesktopDriverFactory.initWebDriver(DesktopDriverFactory.java:23)
	at com.loginium.driver.factory.DriverFactory.createWebDriver(DriverFactory.java:18)
	at com.loginium.driver.DriverManager.createWebDriver(DriverManager.java:42)
	at DashboardTest.TestBase.beforeMethod(TestBase.java:30)
	at java.util.concurrent.ThreadPoolExecutor.runWorker(Unknown Source)
	at java.util.concurrent.ThreadPoolExecutor$Worker.run(Unknown Source)
	at java.lang.Thread.run(Unknown Source)
Caused by: org.openqa.selenium.WebDriverException: Error forwarding the new session cannot find : Capabilities [{ensureCleanSession=true, browserName=internet explorer, version=11, platform=MAC}]
Build info: version: '2.52.0', revision: '4c2593cfc3689a7fcd7be52549167e5ccc93ad28', time: '2016-02-11 11:22:43'
System info: host: 'lgvn13460', ip: '192.168.56.1', os.name: 'Windows 7', os.arch: 'amd64', os.version: '6.1', java.version: '1.8.0_77'
Driver info: driver.version: unknown
	at org.openqa.grid.web.servlet.handler.RequestHandler.process(RequestHandler.java:115)
	at org.openqa.grid.web.servlet.DriverServlet.process(DriverServlet.java:83)
	at org.openqa.grid.web.servlet.DriverServlet.doPost(DriverServlet.java:67)
	at javax.servlet.http.HttpServlet.service(HttpServlet.java:707)
	at javax.servlet.http.HttpServlet.service(HttpServlet.java:790)
	at org.seleniumhq.jetty9.servlet.ServletHolder.handle(ServletHolder.java:808)
	at org.seleniumhq.jetty9.servlet.ServletHandler.doHandle(ServletHandler.java:587)
	at org.seleniumhq.jetty9.server.session.SessionHandler.doHandle(SessionHandler.java:221)
	at org.seleniumhq.jetty9.server.handler.ContextHandler.doHandle(ContextHandler.java:1127)
	at org.seleniumhq.jetty9.servlet.ServletHandler.doScope(ServletHandler.java:515)
	at org.seleniumhq.jetty9.server.session.SessionHandler.doScope(SessionHandler.java:185)
	at org.seleniumhq.jetty9.server.handler.ContextHandler.doScope(ContextHandler.java:1061)
	at org.seleniumhq.jetty9.server.handler.ScopedHandler.handle(ScopedHandler.java:141)
	at org.seleniumhq.jetty9.server.handler.HandlerWrapper.handle(HandlerWrapper.java:97)
	at org.seleniumhq.jetty9.server.Server.handle(Server.java:499)
	at org.seleniumhq.jetty9.server.HttpChannel.handle(HttpChannel.java:310)
	at org.seleniumhq.jetty9.server.HttpConnection.onFillable(HttpConnection.java:257)
	at org.seleniumhq.jetty9.io.AbstractConnection$2.run(AbstractConnection.java:540)
	at org.seleniumhq.jetty9.util.thread.QueuedThreadPool.runJob(QueuedThreadPool.java:635)
	at org.seleniumhq.jetty9.util.thread.QueuedThreadPool$3.run(QueuedThreadPool.java:555)
	... 1 more
... Removed 16 stack frames]]>
    </failure>
  </testcase> <!-- @BeforeMethod beforeMethod -->
  <testcase name="@AfterMethod afterMethod" time="0.0" classname="DashboardTest.LoginTest">
    <skipped/>
  </testcase> <!-- @AfterMethod afterMethod -->
  <testcase name="@BeforeMethod beforeMethod" time="0.0" classname="DashboardTest.LoginTest">
    <failure type="org.openqa.selenium.WebDriverException" message="Error forwarding the new session cannot find : Capabilities [{ensureCleanSession=true, browserName=internet explorer, version=11, platform=MAC}]
Command duration or timeout: 161 milliseconds
Build info: version: &amp;apos;2.52.0&amp;apos;, revision: &amp;apos;4c2593cfc3689a7fcd7be52549167e5ccc93ad28&amp;apos;, time: &amp;apos;2016-02-11 11:22:43&amp;apos;
System info: host: &amp;apos;lgvn13460&amp;apos;, ip: &amp;apos;192.168.56.1&amp;apos;, os.name: &amp;apos;Windows 7&amp;apos;, os.arch: &amp;apos;amd64&amp;apos;, os.version: &amp;apos;6.1&amp;apos;, java.version: &amp;apos;1.8.0_77&amp;apos;
Driver info: org.openqa.selenium.remote.RemoteWebDriver">
      <![CDATA[org.openqa.selenium.WebDriverException: Error forwarding the new session cannot find : Capabilities [{ensureCleanSession=true, browserName=internet explorer, version=11, platform=MAC}]
Command duration or timeout: 161 milliseconds
Build info: version: '2.52.0', revision: '4c2593cfc3689a7fcd7be52549167e5ccc93ad28', time: '2016-02-11 11:22:43'
System info: host: 'lgvn13460', ip: '192.168.56.1', os.name: 'Windows 7', os.arch: 'amd64', os.version: '6.1', java.version: '1.8.0_77'
Driver info: org.openqa.selenium.remote.RemoteWebDriver
	at org.openqa.selenium.remote.ErrorHandler.createThrowable(ErrorHandler.java:206)
	at org.openqa.selenium.remote.ErrorHandler.throwIfResponseFailed(ErrorHandler.java:158)
	at org.openqa.selenium.remote.RemoteWebDriver.execute(RemoteWebDriver.java:678)
	at org.openqa.selenium.remote.RemoteWebDriver.startSession(RemoteWebDriver.java:249)
	at org.openqa.selenium.remote.RemoteWebDriver.<init>(RemoteWebDriver.java:131)
	at org.openqa.selenium.remote.RemoteWebDriver.<init>(RemoteWebDriver.java:158)
	at com.loginium.driver.desktop.DesktopInternetExplorerDriver.<init>(DesktopInternetExplorerDriver.java:29)
	at com.loginium.driver.factory.DesktopDriverFactory.initWebDriver(DesktopDriverFactory.java:23)
	at com.loginium.driver.factory.DriverFactory.createWebDriver(DriverFactory.java:18)
	at com.loginium.driver.DriverManager.createWebDriver(DriverManager.java:42)
	at DashboardTest.TestBase.beforeMethod(TestBase.java:30)
	at java.util.concurrent.ThreadPoolExecutor.runWorker(Unknown Source)
	at java.util.concurrent.ThreadPoolExecutor$Worker.run(Unknown Source)
	at java.lang.Thread.run(Unknown Source)
Caused by: org.openqa.selenium.WebDriverException: Error forwarding the new session cannot find : Capabilities [{ensureCleanSession=true, browserName=internet explorer, version=11, platform=MAC}]
Build info: version: '2.52.0', revision: '4c2593cfc3689a7fcd7be52549167e5ccc93ad28', time: '2016-02-11 11:22:43'
System info: host: 'lgvn13460', ip: '192.168.56.1', os.name: 'Windows 7', os.arch: 'amd64', os.version: '6.1', java.version: '1.8.0_77'
Driver info: driver.version: unknown
	at org.openqa.grid.web.servlet.handler.RequestHandler.process(RequestHandler.java:115)
	at org.openqa.grid.web.servlet.DriverServlet.process(DriverServlet.java:83)
	at org.openqa.grid.web.servlet.DriverServlet.doPost(DriverServlet.java:67)
	at javax.servlet.http.HttpServlet.service(HttpServlet.java:707)
	at javax.servlet.http.HttpServlet.service(HttpServlet.java:790)
	at org.seleniumhq.jetty9.servlet.ServletHolder.handle(ServletHolder.java:808)
	at org.seleniumhq.jetty9.servlet.ServletHandler.doHandle(ServletHandler.java:587)
	at org.seleniumhq.jetty9.server.session.SessionHandler.doHandle(SessionHandler.java:221)
	at org.seleniumhq.jetty9.server.handler.ContextHandler.doHandle(ContextHandler.java:1127)
	at org.seleniumhq.jetty9.servlet.ServletHandler.doScope(ServletHandler.java:515)
	at org.seleniumhq.jetty9.server.session.SessionHandler.doScope(SessionHandler.java:185)
	at org.seleniumhq.jetty9.server.handler.ContextHandler.doScope(ContextHandler.java:1061)
	at org.seleniumhq.jetty9.server.handler.ScopedHandler.handle(ScopedHandler.java:141)
	at org.seleniumhq.jetty9.server.handler.HandlerWrapper.handle(HandlerWrapper.java:97)
	at org.seleniumhq.jetty9.server.Server.handle(Server.java:499)
	at org.seleniumhq.jetty9.server.HttpChannel.handle(HttpChannel.java:310)
	at org.seleniumhq.jetty9.server.HttpConnection.onFillable(HttpConnection.java:257)
	at org.seleniumhq.jetty9.io.AbstractConnection$2.run(AbstractConnection.java:540)
	at org.seleniumhq.jetty9.util.thread.QueuedThreadPool.runJob(QueuedThreadPool.java:635)
	at org.seleniumhq.jetty9.util.thread.QueuedThreadPool$3.run(QueuedThreadPool.java:555)
	... 1 more
... Removed 16 stack frames]]>
    </failure>
  </testcase> <!-- @BeforeMethod beforeMethod -->
  <testcase name="@BeforeMethod beforeMethod" time="0.0" classname="DashboardTest.LoginTest">
    <failure type="org.openqa.selenium.WebDriverException" message="Error forwarding the new session cannot find : Capabilities [{ensureCleanSession=true, browserName=internet explorer, version=11, platform=MAC}]
Command duration or timeout: 20 milliseconds
Build info: version: &amp;apos;2.52.0&amp;apos;, revision: &amp;apos;4c2593cfc3689a7fcd7be52549167e5ccc93ad28&amp;apos;, time: &amp;apos;2016-02-11 11:22:43&amp;apos;
System info: host: &amp;apos;lgvn13460&amp;apos;, ip: &amp;apos;192.168.56.1&amp;apos;, os.name: &amp;apos;Windows 7&amp;apos;, os.arch: &amp;apos;amd64&amp;apos;, os.version: &amp;apos;6.1&amp;apos;, java.version: &amp;apos;1.8.0_77&amp;apos;
Driver info: org.openqa.selenium.remote.RemoteWebDriver">
      <![CDATA[org.openqa.selenium.WebDriverException: Error forwarding the new session cannot find : Capabilities [{ensureCleanSession=true, browserName=internet explorer, version=11, platform=MAC}]
Command duration or timeout: 20 milliseconds
Build info: version: '2.52.0', revision: '4c2593cfc3689a7fcd7be52549167e5ccc93ad28', time: '2016-02-11 11:22:43'
System info: host: 'lgvn13460', ip: '192.168.56.1', os.name: 'Windows 7', os.arch: 'amd64', os.version: '6.1', java.version: '1.8.0_77'
Driver info: org.openqa.selenium.remote.RemoteWebDriver
	at org.openqa.selenium.remote.ErrorHandler.createThrowable(ErrorHandler.java:206)
	at org.openqa.selenium.remote.ErrorHandler.throwIfResponseFailed(ErrorHandler.java:158)
	at org.openqa.selenium.remote.RemoteWebDriver.execute(RemoteWebDriver.java:678)
	at org.openqa.selenium.remote.RemoteWebDriver.startSession(RemoteWebDriver.java:249)
	at org.openqa.selenium.remote.RemoteWebDriver.<init>(RemoteWebDriver.java:131)
	at org.openqa.selenium.remote.RemoteWebDriver.<init>(RemoteWebDriver.java:158)
	at com.loginium.driver.desktop.DesktopInternetExplorerDriver.<init>(DesktopInternetExplorerDriver.java:29)
	at com.loginium.driver.factory.DesktopDriverFactory.initWebDriver(DesktopDriverFactory.java:23)
	at com.loginium.driver.factory.DriverFactory.createWebDriver(DriverFactory.java:18)
	at com.loginium.driver.DriverManager.createWebDriver(DriverManager.java:42)
	at DashboardTest.TestBase.beforeMethod(TestBase.java:30)
	at java.util.concurrent.ThreadPoolExecutor.runWorker(Unknown Source)
	at java.util.concurrent.ThreadPoolExecutor$Worker.run(Unknown Source)
	at java.lang.Thread.run(Unknown Source)
Caused by: org.openqa.selenium.WebDriverException: Error forwarding the new session cannot find : Capabilities [{ensureCleanSession=true, browserName=internet explorer, version=11, platform=MAC}]
Build info: version: '2.52.0', revision: '4c2593cfc3689a7fcd7be52549167e5ccc93ad28', time: '2016-02-11 11:22:43'
System info: host: 'lgvn13460', ip: '192.168.56.1', os.name: 'Windows 7', os.arch: 'amd64', os.version: '6.1', java.version: '1.8.0_77'
Driver info: driver.version: unknown
	at org.openqa.grid.web.servlet.handler.RequestHandler.process(RequestHandler.java:115)
	at org.openqa.grid.web.servlet.DriverServlet.process(DriverServlet.java:83)
	at org.openqa.grid.web.servlet.DriverServlet.doPost(DriverServlet.java:67)
	at javax.servlet.http.HttpServlet.service(HttpServlet.java:707)
	at javax.servlet.http.HttpServlet.service(HttpServlet.java:790)
	at org.seleniumhq.jetty9.servlet.ServletHolder.handle(ServletHolder.java:808)
	at org.seleniumhq.jetty9.servlet.ServletHandler.doHandle(ServletHandler.java:587)
	at org.seleniumhq.jetty9.server.session.SessionHandler.doHandle(SessionHandler.java:221)
	at org.seleniumhq.jetty9.server.handler.ContextHandler.doHandle(ContextHandler.java:1127)
	at org.seleniumhq.jetty9.servlet.ServletHandler.doScope(ServletHandler.java:515)
	at org.seleniumhq.jetty9.server.session.SessionHandler.doScope(SessionHandler.java:185)
	at org.seleniumhq.jetty9.server.handler.ContextHandler.doScope(ContextHandler.java:1061)
	at org.seleniumhq.jetty9.server.handler.ScopedHandler.handle(ScopedHandler.java:141)
	at org.seleniumhq.jetty9.server.handler.HandlerWrapper.handle(HandlerWrapper.java:97)
	at org.seleniumhq.jetty9.server.Server.handle(Server.java:499)
	at org.seleniumhq.jetty9.server.HttpChannel.handle(HttpChannel.java:310)
	at org.seleniumhq.jetty9.server.HttpConnection.onFillable(HttpConnection.java:257)
	at org.seleniumhq.jetty9.io.AbstractConnection$2.run(AbstractConnection.java:540)
	at org.seleniumhq.jetty9.util.thread.QueuedThreadPool.runJob(QueuedThreadPool.java:635)
	at org.seleniumhq.jetty9.util.thread.QueuedThreadPool$3.run(QueuedThreadPool.java:555)
	... 1 more
... Removed 16 stack frames]]>
    </failure>
  </testcase> <!-- @BeforeMethod beforeMethod -->
  <testcase name="@BeforeMethod beforeMethod" time="0.0" classname="DashboardTest.LoginTest">
    <failure type="org.openqa.selenium.WebDriverException" message="Error forwarding the new session cannot find : Capabilities [{ensureCleanSession=true, browserName=internet explorer, version=11, platform=MAC}]
Command duration or timeout: 10 milliseconds
Build info: version: &amp;apos;2.52.0&amp;apos;, revision: &amp;apos;4c2593cfc3689a7fcd7be52549167e5ccc93ad28&amp;apos;, time: &amp;apos;2016-02-11 11:22:43&amp;apos;
System info: host: &amp;apos;lgvn13460&amp;apos;, ip: &amp;apos;192.168.56.1&amp;apos;, os.name: &amp;apos;Windows 7&amp;apos;, os.arch: &amp;apos;amd64&amp;apos;, os.version: &amp;apos;6.1&amp;apos;, java.version: &amp;apos;1.8.0_77&amp;apos;
Driver info: org.openqa.selenium.remote.RemoteWebDriver">
      <![CDATA[org.openqa.selenium.WebDriverException: Error forwarding the new session cannot find : Capabilities [{ensureCleanSession=true, browserName=internet explorer, version=11, platform=MAC}]
Command duration or timeout: 10 milliseconds
Build info: version: '2.52.0', revision: '4c2593cfc3689a7fcd7be52549167e5ccc93ad28', time: '2016-02-11 11:22:43'
System info: host: 'lgvn13460', ip: '192.168.56.1', os.name: 'Windows 7', os.arch: 'amd64', os.version: '6.1', java.version: '1.8.0_77'
Driver info: org.openqa.selenium.remote.RemoteWebDriver
	at org.openqa.selenium.remote.ErrorHandler.createThrowable(ErrorHandler.java:206)
	at org.openqa.selenium.remote.ErrorHandler.throwIfResponseFailed(ErrorHandler.java:158)
	at org.openqa.selenium.remote.RemoteWebDriver.execute(RemoteWebDriver.java:678)
	at org.openqa.selenium.remote.RemoteWebDriver.startSession(RemoteWebDriver.java:249)
	at org.openqa.selenium.remote.RemoteWebDriver.<init>(RemoteWebDriver.java:131)
	at org.openqa.selenium.remote.RemoteWebDriver.<init>(RemoteWebDriver.java:158)
	at com.loginium.driver.desktop.DesktopInternetExplorerDriver.<init>(DesktopInternetExplorerDriver.java:29)
	at com.loginium.driver.factory.DesktopDriverFactory.initWebDriver(DesktopDriverFactory.java:23)
	at com.loginium.driver.factory.DriverFactory.createWebDriver(DriverFactory.java:18)
	at com.loginium.driver.DriverManager.createWebDriver(DriverManager.java:42)
	at DashboardTest.TestBase.beforeMethod(TestBase.java:30)
	at java.util.concurrent.ThreadPoolExecutor.runWorker(Unknown Source)
	at java.util.concurrent.ThreadPoolExecutor$Worker.run(Unknown Source)
	at java.lang.Thread.run(Unknown Source)
Caused by: org.openqa.selenium.WebDriverException: Error forwarding the new session cannot find : Capabilities [{ensureCleanSession=true, browserName=internet explorer, version=11, platform=MAC}]
Build info: version: '2.52.0', revision: '4c2593cfc3689a7fcd7be52549167e5ccc93ad28', time: '2016-02-11 11:22:43'
System info: host: 'lgvn13460', ip: '192.168.56.1', os.name: 'Windows 7', os.arch: 'amd64', os.version: '6.1', java.version: '1.8.0_77'
Driver info: driver.version: unknown
	at org.openqa.grid.web.servlet.handler.RequestHandler.process(RequestHandler.java:115)
	at org.openqa.grid.web.servlet.DriverServlet.process(DriverServlet.java:83)
	at org.openqa.grid.web.servlet.DriverServlet.doPost(DriverServlet.java:67)
	at javax.servlet.http.HttpServlet.service(HttpServlet.java:707)
	at javax.servlet.http.HttpServlet.service(HttpServlet.java:790)
	at org.seleniumhq.jetty9.servlet.ServletHolder.handle(ServletHolder.java:808)
	at org.seleniumhq.jetty9.servlet.ServletHandler.doHandle(ServletHandler.java:587)
	at org.seleniumhq.jetty9.server.session.SessionHandler.doHandle(SessionHandler.java:221)
	at org.seleniumhq.jetty9.server.handler.ContextHandler.doHandle(ContextHandler.java:1127)
	at org.seleniumhq.jetty9.servlet.ServletHandler.doScope(ServletHandler.java:515)
	at org.seleniumhq.jetty9.server.session.SessionHandler.doScope(SessionHandler.java:185)
	at org.seleniumhq.jetty9.server.handler.ContextHandler.doScope(ContextHandler.java:1061)
	at org.seleniumhq.jetty9.server.handler.ScopedHandler.handle(ScopedHandler.java:141)
	at org.seleniumhq.jetty9.server.handler.HandlerWrapper.handle(HandlerWrapper.java:97)
	at org.seleniumhq.jetty9.server.Server.handle(Server.java:499)
	at org.seleniumhq.jetty9.server.HttpChannel.handle(HttpChannel.java:310)
	at org.seleniumhq.jetty9.server.HttpConnection.onFillable(HttpConnection.java:257)
	at org.seleniumhq.jetty9.io.AbstractConnection$2.run(AbstractConnection.java:540)
	at org.seleniumhq.jetty9.util.thread.QueuedThreadPool.runJob(QueuedThreadPool.java:635)
	at org.seleniumhq.jetty9.util.thread.QueuedThreadPool$3.run(QueuedThreadPool.java:555)
	... 1 more
... Removed 16 stack frames]]>
    </failure>
  </testcase> <!-- @BeforeMethod beforeMethod -->
  <testcase name="@BeforeMethod beforeMethod" time="0.0" classname="DashboardTest.LoginTest">
    <failure type="org.openqa.selenium.WebDriverException" message="Error forwarding the new session cannot find : Capabilities [{ensureCleanSession=true, browserName=internet explorer, version=11, platform=MAC}]
Command duration or timeout: 20 milliseconds
Build info: version: &amp;apos;2.52.0&amp;apos;, revision: &amp;apos;4c2593cfc3689a7fcd7be52549167e5ccc93ad28&amp;apos;, time: &amp;apos;2016-02-11 11:22:43&amp;apos;
System info: host: &amp;apos;lgvn13460&amp;apos;, ip: &amp;apos;192.168.56.1&amp;apos;, os.name: &amp;apos;Windows 7&amp;apos;, os.arch: &amp;apos;amd64&amp;apos;, os.version: &amp;apos;6.1&amp;apos;, java.version: &amp;apos;1.8.0_77&amp;apos;
Driver info: org.openqa.selenium.remote.RemoteWebDriver">
      <![CDATA[org.openqa.selenium.WebDriverException: Error forwarding the new session cannot find : Capabilities [{ensureCleanSession=true, browserName=internet explorer, version=11, platform=MAC}]
Command duration or timeout: 20 milliseconds
Build info: version: '2.52.0', revision: '4c2593cfc3689a7fcd7be52549167e5ccc93ad28', time: '2016-02-11 11:22:43'
System info: host: 'lgvn13460', ip: '192.168.56.1', os.name: 'Windows 7', os.arch: 'amd64', os.version: '6.1', java.version: '1.8.0_77'
Driver info: org.openqa.selenium.remote.RemoteWebDriver
	at org.openqa.selenium.remote.ErrorHandler.createThrowable(ErrorHandler.java:206)
	at org.openqa.selenium.remote.ErrorHandler.throwIfResponseFailed(ErrorHandler.java:158)
	at org.openqa.selenium.remote.RemoteWebDriver.execute(RemoteWebDriver.java:678)
	at org.openqa.selenium.remote.RemoteWebDriver.startSession(RemoteWebDriver.java:249)
	at org.openqa.selenium.remote.RemoteWebDriver.<init>(RemoteWebDriver.java:131)
	at org.openqa.selenium.remote.RemoteWebDriver.<init>(RemoteWebDriver.java:158)
	at com.loginium.driver.desktop.DesktopInternetExplorerDriver.<init>(DesktopInternetExplorerDriver.java:29)
	at com.loginium.driver.factory.DesktopDriverFactory.initWebDriver(DesktopDriverFactory.java:23)
	at com.loginium.driver.factory.DriverFactory.createWebDriver(DriverFactory.java:18)
	at com.loginium.driver.DriverManager.createWebDriver(DriverManager.java:42)
	at DashboardTest.TestBase.beforeMethod(TestBase.java:30)
	at java.util.concurrent.ThreadPoolExecutor.runWorker(Unknown Source)
	at java.util.concurrent.ThreadPoolExecutor$Worker.run(Unknown Source)
	at java.lang.Thread.run(Unknown Source)
Caused by: org.openqa.selenium.WebDriverException: Error forwarding the new session cannot find : Capabilities [{ensureCleanSession=true, browserName=internet explorer, version=11, platform=MAC}]
Build info: version: '2.52.0', revision: '4c2593cfc3689a7fcd7be52549167e5ccc93ad28', time: '2016-02-11 11:22:43'
System info: host: 'lgvn13460', ip: '192.168.56.1', os.name: 'Windows 7', os.arch: 'amd64', os.version: '6.1', java.version: '1.8.0_77'
Driver info: driver.version: unknown
	at org.openqa.grid.web.servlet.handler.RequestHandler.process(RequestHandler.java:115)
	at org.openqa.grid.web.servlet.DriverServlet.process(DriverServlet.java:83)
	at org.openqa.grid.web.servlet.DriverServlet.doPost(DriverServlet.java:67)
	at javax.servlet.http.HttpServlet.service(HttpServlet.java:707)
	at javax.servlet.http.HttpServlet.service(HttpServlet.java:790)
	at org.seleniumhq.jetty9.servlet.ServletHolder.handle(ServletHolder.java:808)
	at org.seleniumhq.jetty9.servlet.ServletHandler.doHandle(ServletHandler.java:587)
	at org.seleniumhq.jetty9.server.session.SessionHandler.doHandle(SessionHandler.java:221)
	at org.seleniumhq.jetty9.server.handler.ContextHandler.doHandle(ContextHandler.java:1127)
	at org.seleniumhq.jetty9.servlet.ServletHandler.doScope(ServletHandler.java:515)
	at org.seleniumhq.jetty9.server.session.SessionHandler.doScope(SessionHandler.java:185)
	at org.seleniumhq.jetty9.server.handler.ContextHandler.doScope(ContextHandler.java:1061)
	at org.seleniumhq.jetty9.server.handler.ScopedHandler.handle(ScopedHandler.java:141)
	at org.seleniumhq.jetty9.server.handler.HandlerWrapper.handle(HandlerWrapper.java:97)
	at org.seleniumhq.jetty9.server.Server.handle(Server.java:499)
	at org.seleniumhq.jetty9.server.HttpChannel.handle(HttpChannel.java:310)
	at org.seleniumhq.jetty9.server.HttpConnection.onFillable(HttpConnection.java:257)
	at org.seleniumhq.jetty9.io.AbstractConnection$2.run(AbstractConnection.java:540)
	at org.seleniumhq.jetty9.util.thread.QueuedThreadPool.runJob(QueuedThreadPool.java:635)
	at org.seleniumhq.jetty9.util.thread.QueuedThreadPool$3.run(QueuedThreadPool.java:555)
	... 1 more
... Removed 16 stack frames]]>
    </failure>
  </testcase> <!-- @BeforeMethod beforeMethod -->
  <testcase name="@BeforeMethod beforeMethod" time="0.0" classname="DashboardTest.LoginTest">
    <failure type="org.openqa.selenium.WebDriverException" message="Error forwarding the new session cannot find : Capabilities [{ensureCleanSession=true, browserName=internet explorer, version=11, platform=MAC}]
Command duration or timeout: 20 milliseconds
Build info: version: &amp;apos;2.52.0&amp;apos;, revision: &amp;apos;4c2593cfc3689a7fcd7be52549167e5ccc93ad28&amp;apos;, time: &amp;apos;2016-02-11 11:22:43&amp;apos;
System info: host: &amp;apos;lgvn13460&amp;apos;, ip: &amp;apos;192.168.56.1&amp;apos;, os.name: &amp;apos;Windows 7&amp;apos;, os.arch: &amp;apos;amd64&amp;apos;, os.version: &amp;apos;6.1&amp;apos;, java.version: &amp;apos;1.8.0_77&amp;apos;
Driver info: org.openqa.selenium.remote.RemoteWebDriver">
      <![CDATA[org.openqa.selenium.WebDriverException: Error forwarding the new session cannot find : Capabilities [{ensureCleanSession=true, browserName=internet explorer, version=11, platform=MAC}]
Command duration or timeout: 20 milliseconds
Build info: version: '2.52.0', revision: '4c2593cfc3689a7fcd7be52549167e5ccc93ad28', time: '2016-02-11 11:22:43'
System info: host: 'lgvn13460', ip: '192.168.56.1', os.name: 'Windows 7', os.arch: 'amd64', os.version: '6.1', java.version: '1.8.0_77'
Driver info: org.openqa.selenium.remote.RemoteWebDriver
	at org.openqa.selenium.remote.ErrorHandler.createThrowable(ErrorHandler.java:206)
	at org.openqa.selenium.remote.ErrorHandler.throwIfResponseFailed(ErrorHandler.java:158)
	at org.openqa.selenium.remote.RemoteWebDriver.execute(RemoteWebDriver.java:678)
	at org.openqa.selenium.remote.RemoteWebDriver.startSession(RemoteWebDriver.java:249)
	at org.openqa.selenium.remote.RemoteWebDriver.<init>(RemoteWebDriver.java:131)
	at org.openqa.selenium.remote.RemoteWebDriver.<init>(RemoteWebDriver.java:158)
	at com.loginium.driver.desktop.DesktopInternetExplorerDriver.<init>(DesktopInternetExplorerDriver.java:29)
	at com.loginium.driver.factory.DesktopDriverFactory.initWebDriver(DesktopDriverFactory.java:23)
	at com.loginium.driver.factory.DriverFactory.createWebDriver(DriverFactory.java:18)
	at com.loginium.driver.DriverManager.createWebDriver(DriverManager.java:42)
	at DashboardTest.TestBase.beforeMethod(TestBase.java:30)
	at java.util.concurrent.ThreadPoolExecutor.runWorker(Unknown Source)
	at java.util.concurrent.ThreadPoolExecutor$Worker.run(Unknown Source)
	at java.lang.Thread.run(Unknown Source)
Caused by: org.openqa.selenium.WebDriverException: Error forwarding the new session cannot find : Capabilities [{ensureCleanSession=true, browserName=internet explorer, version=11, platform=MAC}]
Build info: version: '2.52.0', revision: '4c2593cfc3689a7fcd7be52549167e5ccc93ad28', time: '2016-02-11 11:22:43'
System info: host: 'lgvn13460', ip: '192.168.56.1', os.name: 'Windows 7', os.arch: 'amd64', os.version: '6.1', java.version: '1.8.0_77'
Driver info: driver.version: unknown
	at org.openqa.grid.web.servlet.handler.RequestHandler.process(RequestHandler.java:115)
	at org.openqa.grid.web.servlet.DriverServlet.process(DriverServlet.java:83)
	at org.openqa.grid.web.servlet.DriverServlet.doPost(DriverServlet.java:67)
	at javax.servlet.http.HttpServlet.service(HttpServlet.java:707)
	at javax.servlet.http.HttpServlet.service(HttpServlet.java:790)
	at org.seleniumhq.jetty9.servlet.ServletHolder.handle(ServletHolder.java:808)
	at org.seleniumhq.jetty9.servlet.ServletHandler.doHandle(ServletHandler.java:587)
	at org.seleniumhq.jetty9.server.session.SessionHandler.doHandle(SessionHandler.java:221)
	at org.seleniumhq.jetty9.server.handler.ContextHandler.doHandle(ContextHandler.java:1127)
	at org.seleniumhq.jetty9.servlet.ServletHandler.doScope(ServletHandler.java:515)
	at org.seleniumhq.jetty9.server.session.SessionHandler.doScope(SessionHandler.java:185)
	at org.seleniumhq.jetty9.server.handler.ContextHandler.doScope(ContextHandler.java:1061)
	at org.seleniumhq.jetty9.server.handler.ScopedHandler.handle(ScopedHandler.java:141)
	at org.seleniumhq.jetty9.server.handler.HandlerWrapper.handle(HandlerWrapper.java:97)
	at org.seleniumhq.jetty9.server.Server.handle(Server.java:499)
	at org.seleniumhq.jetty9.server.HttpChannel.handle(HttpChannel.java:310)
	at org.seleniumhq.jetty9.server.HttpConnection.onFillable(HttpConnection.java:257)
	at org.seleniumhq.jetty9.io.AbstractConnection$2.run(AbstractConnection.java:540)
	at org.seleniumhq.jetty9.util.thread.QueuedThreadPool.runJob(QueuedThreadPool.java:635)
	at org.seleniumhq.jetty9.util.thread.QueuedThreadPool$3.run(QueuedThreadPool.java:555)
	... 1 more
... Removed 16 stack frames]]>
    </failure>
  </testcase> <!-- @BeforeMethod beforeMethod -->
  <testcase name="@AfterMethod afterMethod" time="0.0" classname="DashboardTest.LoginTest">
    <skipped/>
  </testcase> <!-- @AfterMethod afterMethod -->
  <testcase name="@AfterMethod afterMethod" time="0.0" classname="DashboardTest.LoginTest">
    <skipped/>
  </testcase> <!-- @AfterMethod afterMethod -->
  <testcase name="@AfterMethod afterMethod" time="0.0" classname="DashboardTest.LoginTest">
    <skipped/>
  </testcase> <!-- @AfterMethod afterMethod -->
  <testcase name="@AfterMethod afterMethod" time="0.0" classname="DashboardTest.LoginTest">
    <skipped/>
  </testcase> <!-- @AfterMethod afterMethod -->
  <testcase name="@AfterMethod afterMethod" time="0.0" classname="DashboardTest.LoginTest">
    <skipped/>
  </testcase> <!-- @AfterMethod afterMethod -->
  <testcase name="@AfterMethod afterMethod" time="0.0" classname="DashboardTest.LoginTest">
    <skipped/>
  </testcase> <!-- @AfterMethod afterMethod -->
  <testcase name="@AfterMethod afterMethod" time="0.0" classname="DashboardTest.LoginTest">
    <skipped/>
  </testcase> <!-- @AfterMethod afterMethod -->
  <testcase name="" time="0.0" classname="DashboardTest.LoginTest">
    <skipped/>
  </testcase> <!--  -->
  <testcase name="" time="0.0" classname="DashboardTest.LoginTest">
    <skipped/>
  </testcase> <!--  -->
  <testcase name="" time="0.0" classname="DashboardTest.LoginTest">
    <skipped/>
  </testcase> <!--  -->
  <testcase name="" time="0.0" classname="DashboardTest.LoginTest">
    <skipped/>
  </testcase> <!--  -->
  <testcase name="" time="0.0" classname="DashboardTest.LoginTest">
    <skipped/>
  </testcase> <!--  -->
  <testcase name="" time="0.0" classname="DashboardTest.LoginTest">
    <skipped/>
  </testcase> <!--  -->
  <testcase name="" time="0.01" classname="DashboardTest.LoginTest">
    <skipped/>
  </testcase> <!--  -->
  <testcase name="" time="0.0" classname="DashboardTest.LoginTest">
    <skipped/>
  </testcase> <!--  -->
  <testcase name="" time="0.01" classname="DashboardTest.LoginTest">
    <skipped/>
  </testcase> <!--  -->
  <testcase name="" time="0.01" classname="DashboardTest.LoginTest">
    <skipped/>
  </testcase> <!--  -->
</testsuite> <!-- Internet Explorer -->
